<?xml version="1.0" encoding="UTF-8"?>
<testsuite xmlns:xsi="http://www.w3.org/2001/XMLSchema-instance" xsi:noNamespaceSchemaLocation="https://maven.apache.org/surefire/maven-surefire-plugin/xsd/surefire-test-report-3.0.xsd" version="3.0" name="cover.go.shopping.CheckoutTest" time="55.627" tests="4" errors="0" skipped="0" failures="0">
  <properties>
[...]
</properties>
  <testcase name="testProceedToCheckout" classname="cover.go.shopping.CheckoutTest" time="18.726">
    <system-out><![CDATA[User properties: /Users/ngantruc/Documents/pushcode/hometask/src/test/resources/test.properties
]]></system-out>
    <system-err><![CDATA[SLF4J(W): No SLF4J providers were found.
SLF4J(W): Defaulting to no-operation (NOP) logger implementation
SLF4J(W): See https://www.slf4j.org/codes.html#noProviders for further details.
1740825114912	geckodriver	INFO	Listening on 127.0.0.1:64091
1740825120268	mozrunner::runner	INFO	Running command: MOZ_CRASHREPORTER="1" MOZ_CRASHREPORTER_NO_REPORT="1" MOZ_CRASHREPORTER_SHUTDOWN="1" "/Applications/Firefox. ... alhost:55046/" "-foreground" "-no-remote" "-profile" "/var/folders/f3/480wfzns0p56zrvffpl71nwm0000gn/T/rust_mozprofilecBXRXa"
console.warn: services.settings: Ignoring preference override of remote settings server
console.warn: services.settings: Allow by setting MOZ_REMOTE_SETTINGS_DEVTOOLS=1 in the environment
1740825120939	Marionette	INFO	Marionette enabled
console.error: "Warning: unrecognized command line flag" "-remote-allow-hosts"
console.error: "Warning: unrecognized command line flag" "-remote-allow-origins"
2025-03-01 17:32:01.589 plugin-container[17811:538956] nil host used in call to allowsSpecificHTTPSCertificateForHost
2025-03-01 17:32:01.590 plugin-container[17811:538956] nil host used in call to allowsAnyHTTPSCertificateForHost:
2025-03-01 17:32:01.597 plugin-container[17811:538956] nil host used in call to allowsSpecificHTTPSCertificateForHost
2025-03-01 17:32:01.598 plugin-container[17811:538956] nil host used in call to allowsAnyHTTPSCertificateForHost:
2025-03-01 17:32:01.598 plugin-container[17811:538958] nil host used in call to allowsSpecificHTTPSCertificateForHost
2025-03-01 17:32:01.598 plugin-container[17811:538958] nil host used in call to allowsAnyHTTPSCertificateForHost:
1740825121616	Marionette	INFO	Listening on port 59939
WebDriver BiDi listening on ws://127.0.0.1:55046
1740825121994	RemoteAgent	WARN	TLS certificate errors will be ignored for this session
Mar 01, 2025 5:32:04 PM org.openqa.selenium.remote.ProtocolHandshake createSession
INFO: Detected upstream dialect: W3C
2025-03-01 10:32:04.830 plugin-container[17816:539188] nil host used in call to allowsSpecificHTTPSCertificateForHost
2025-03-01 10:32:04.830 plugin-container[17816:539188] nil host used in call to allowsAnyHTTPSCertificateForHost:
2025-03-01 10:32:04.842 plugin-container[17816:539188] nil host used in call to allowsSpecificHTTPSCertificateForHost
2025-03-01 10:32:04.842 plugin-container[17816:539188] nil host used in call to allowsAnyHTTPSCertificateForHost:
2025-03-01 10:32:04.842 plugin-container[17816:539185] nil host used in call to allowsSpecificHTTPSCertificateForHost
2025-03-01 10:32:04.843 plugin-container[17816:539185] nil host used in call to allowsAnyHTTPSCertificateForHost:
console.warn: LoginRecipes: "Falling back to a synchronous message for: https://www.saucedemo.com."
console.warn: LoginRecipes: "Falling back to a synchronous message for: https://www.saucedemo.com."
1740825130024	Marionette	INFO	Stopped listening on port 59939
]]></system-err>
  </testcase>
  <testcase name="testInputInfoThenCancelAtOverview" classname="cover.go.shopping.CheckoutTest" time="11.232">
    <system-err><![CDATA[1740825132489	geckodriver	INFO	Listening on 127.0.0.1:53879
1740825132521	mozrunner::runner	INFO	Running command: MOZ_CRASHREPORTER="1" MOZ_CRASHREPORTER_NO_REPORT="1" MOZ_CRASHREPORTER_SHUTDOWN="1" "/Applications/Firefox. ... alhost:59105/" "-foreground" "-no-remote" "-profile" "/var/folders/f3/480wfzns0p56zrvffpl71nwm0000gn/T/rust_mozprofile1pe37Q"
console.warn: services.settings: Ignoring preference override of remote settings server
console.warn: services.settings: Allow by setting MOZ_REMOTE_SETTINGS_DEVTOOLS=1 in the environment
1740825133191	Marionette	INFO	Marionette enabled
console.error: "Warning: unrecognized command line flag" "-remote-allow-hosts"
console.error: "Warning: unrecognized command line flag" "-remote-allow-origins"
2025-03-01 17:32:13.815 plugin-container[17827:539614] nil host used in call to allowsSpecificHTTPSCertificateForHost
2025-03-01 17:32:13.815 plugin-container[17827:539614] nil host used in call to allowsAnyHTTPSCertificateForHost:
2025-03-0117 4107:823521:1333.882233	M aprluigoinne-tctoen	tIaNiFnOe	rL[i1s7t82e7n:i5ng3 9o6n14]  pnoirlt  h6o0st0 6u0
sed in call to allowsSpecificHTTPSCertificateForHost
2025-03-01 17:32:13.823 plugin-container[17827:539614] nil host used in call to allowsAnyHTTPSCertificateForHost:
2025-03-01 17:32:13.824 plugin-container[17827:539616] nil host used in call to allowsSpecificHTTPSCertificateForHost
2025-03-01 17:32:13.824 plugin-container[17827:539616] nil host used in call to allowsAnyHTTPSCertificateForHost:
WebDriver BiDi listening on ws://127.0.0.1:59105
1740825134361	RemoteAgent	WARN	TLS certificate errors will be ignored for this session
Mar 01, 2025 5:32:16 PM org.openqa.selenium.remote.ProtocolHandshake createSession
INFO: Detected upstream dialect: W3C
2025-03-01 10:32:16.938 plugin-container[17832:539785] nil host used in call to allowsSpecificHTTPSCertificateForHost
2025-03-01 10:32:16.938 plugin-container[17832:539785] nil host used in call to allowsAnyHTTPSCertificateForHost:
2025-03-01 10:32:16.949 plugin-container[17832:539785] nil host used in call to allowsSpecificHTTPSCertificateForHost
2025-03-01 10:32:16.949 plugin-container[17832:539785] nil host used in call to allowsAnyHTTPSCertificateForHost:
2025-03-01 10:32:16.949 plugin-container[17832:539790] nil host used in call to allowsSpecificHTTPSCertificateForHost
2025-03-01 10:32:16.949 plugin-container[17832:539790] nil host used in call to allowsAnyHTTPSCertificateForHost:
console.warn: LoginRecipes: "Falling back to a synchronous message for: https://www.saucedemo.com."
console.warn: LoginRecipes: "Falling back to a synchronous message for: https://www.saucedemo.com."
1740825141151	Marionette	INFO	Stopped listening on port 60060
]]></system-err>
  </testcase>
  <testcase name="testCheckoutFinishProcess" classname="cover.go.shopping.CheckoutTest" time="10.851">
    <system-err><![CDATA[1740825143721	geckodriver	INFO	Listening on 127.0.0.1:60832
1740825143751	mozrunner::runner	INFO	Running command: MOZ_CRASHREPORTER="1" MOZ_CRASHREPORTER_NO_REPORT="1" MOZ_CRASHREPORTER_SHUTDOWN="1" "/Applications/Firefox. ... alhost:64989/" "-foreground" "-no-remote" "-profile" "/var/folders/f3/480wfzns0p56zrvffpl71nwm0000gn/T/rust_mozprofilesbAXFC"
console.warn: services.settings: Ignoring preference override of remote settings server
console.warn: services.settings: Allow by setting MOZ_REMOTE_SETTINGS_DEVTOOLS=1 in the environment
1740825144438	Marionette	INFO	Marionette enabled
console.error: "Warning: unrecognized command line flag" "-remote-allow-hosts"
console.error: "Warning: unrecognized command line flag" "-remote-allow-origins"
2025-03-01 17:32:25.094 plugin-container[17843:540166] nil host used in call to allowsSpecificHTTPSCertificateForHost
2025-03-01 17:32:25.095 plugin-container[17843:540166] nil host used in call to allowsAnyHTTPSCertificateForHost:
2025-03-01 17:32:25.102 plugin-container[17843:540166] nil host used in call to allowsSpecificHTTPSCertificateForHost
2025-03-01 17:32:25.103 plugin-container[17843:540166] nil host used in call to allowsAnyHTTPSCertificateForHost:
2025-03-01 17:32:25.103 plugin-container[17843:540173] nil host used in call to allowsSpecificHTTPSCertificateForHost
2025-03-01 17:32:25.103 plugin-container[17843:540173] nil host used in call to allowsAnyHTTPSCertificateForHost:
1740825145110	Marionette	INFO	Listening on port 60178
WebDriver BiDi listening on ws://127.0.0.1:64989
1740825145478	RemoteAgent	WARN	TLS certificate errors will be ignored for this session
Mar 01, 2025 5:32:27 PM org.openqa.selenium.remote.ProtocolHandshake createSession
INFO: Detected upstream dialect: W3C
2025-03-01 10:32:28.232 plugin-container[17848:540326] nil host used in call to allowsSpecificHTTPSCertificateForHost
2025-03-01 10:32:28.233 plugin-container[17848:540326] nil host used in call to allowsAnyHTTPSCertificateForHost:
2025-03-01 10:32:28.243 plugin-container[17848:540326] nil host used in call to allowsSpecificHTTPSCertificateForHost
2025-03-01 10:32:28.243 plugin-container[17848:540326] nil host used in call to allowsAnyHTTPSCertificateForHost:
2025-03-01 10:32:28.244 plugin-container[17848:540366] nil host used in call to allowsSpecificHTTPSCertificateForHost
2025-03-01 10:32:28.244 plugin-container[17848:540366] nil host used in call to allowsAnyHTTPSCertificateForHost:
console.warn: LoginRecipes: "Falling back to a synchronous message for: https://www.saucedemo.com."
console.warn: LoginRecipes: "Falling back to a synchronous message for: https://www.saucedemo.com."
1740825152006	Marionette	INFO	Stopped listening on port 60178
]]></system-err>
  </testcase>
  <testcase name="testCancelRightAfterCheckout" classname="cover.go.shopping.CheckoutTest" time="14.769">
    <system-err><![CDATA[1740825154569	geckodriver	INFO	Listening on 127.0.0.1:57559
1740825154594	mozrunner::runner	INFO	Running command: MOZ_CRASHREPORTER="1" MOZ_CRASHREPORTER_NO_REPORT="1" MOZ_CRASHREPORTER_SHUTDOWN="1" "/Applications/Firefox. ... alhost:57766/" "-foreground" "-no-remote" "-profile" "/var/folders/f3/480wfzns0p56zrvffpl71nwm0000gn/T/rust_mozprofile3mM3Fm"
console.warn: services.settings: Ignoring preference override of remote settings server
console.warn: services.settings: Allow by setting MOZ_REMOTE_SETTINGS_DEVTOOLS=1 in the environment
1740825155267	Marionette	INFO	Marionette enabled
console.error: "Warning: unrecognized command line flag" "-remote-allow-hosts"
console.error: "Warning: unrecognized command line flag" "-remote-allow-origins"
2025-03-01 17:32:35.878 plugin-container[17859:540691] nil host used in call to allowsSpecificHTTPSCertificateForHost
2025-03-01 17:32:35.879 plugin-container[17859:540691] nil host used in call to allowsAnyHTTPSCertificateForHost:
2025-03-01 17:32:35.886 plugin-container[17859:540691] nil host used in call to allowsSpecificHTTPSCertificateForHost
2025-03-01 17:32:35.886 plugin-container[17859:540691] nil host used in call to allowsAnyHTTPSCertificateForHost:
2025-03-01 17:32:35.887 plugin-container[17859:540697] nil host used in call to allowsSpecificHTTPSCertificateForHost
2025-03-01 17:32:35.887 plugin-container[17859:540697] nil host used in call to allowsAnyHTTPSCertificateForHost:
1740825155891	Marionette	INFO	Listening on port 60293
WebDriver BiDi listening on ws://127.0.0.1:57766
1740825156224	RemoteAgent	WARN	TLS certificate errors will be ignored for this session
Mar 01, 2025 5:32:38 PM org.openqa.selenium.remote.ProtocolHandshake createSession
INFO: Detected upstream dialect: W3C
2025-03-01 10:32:38.971 plugin-container[17864:540838] nil host used in call to allowsSpecificHTTPSCertificateForHost
2025-03-01 10:32:38.971 plugin-container[17864:540838] nil host used in call to allowsAnyHTTPSCertificateForHost:
2025-03-01 10:32:38.979 plugin-container[17864:540838] nil host used in call to allowsSpecificHTTPSCertificateForHost
2025-03-01 10:32:38.979 plugin-container[17864:540838] nil host used in call to allowsAnyHTTPSCertificateForHost:
2025-03-01 10:32:38.980 plugin-container[17864:540853] nil host used in call to allowsSpecificHTTPSCertificateForHost
2025-03-01 10:32:38.980 plugin-container[17864:540853] nil host used in call to allowsAnyHTTPSCertificateForHost:
console.warn: LoginRecipes: "Falling back to a synchronous message for: https://www.saucedemo.com."
console.warn: LoginRecipes: "Falling back to a synchronous message for: https://www.saucedemo.com."
1740825166892	Marionette	INFO	Stopped listening on port 60293
]]></system-err>
  </testcase>
</testsuite>